<?xml version="1.0" encoding="UTF-8"?>
<!-- Generated by org.testng.reporters.JUnitReportReporter -->
<testsuite skipped="0" hostname="Narender-Balla" name="com.annotations.DownloadUsingRobotClass" tests="1" failures="0" timestamp="23 Jan 2018 16:39:58 GMT" time="10.787" errors="0">
  <testcase name="downloadFile" time="10.787" classname="com.annotations.DownloadUsingRobotClass"/>
</testsuite> <!-- com.annotations.DownloadUsingRobotClass -->
