<?xml version="1.0" encoding="UTF-8"?>
<!-- Generated by org.testng.reporters.JUnitReportReporter -->
<testsuite skipped="0" hostname="A370DCOK" name="com.annotations.Annotations" tests="1" failures="0" timestamp="24 Jan 2018 05:51:44 GMT" time="0.077" errors="0">
  <testcase name="testTitle" time="0.077" classname="com.annotations.Annotations"/>
</testsuite> <!-- com.annotations.Annotations -->
