<?xml version="1.0" encoding="UTF-8"?>
<!-- Generated by org.testng.reporters.JUnitReportReporter -->
<testsuite skipped="0" hostname="Narender-Balla" name="com.annotations.Annotations" tests="1" failures="0" timestamp="20 Jan 2018 16:44:11 GMT" time="0.053" errors="0">
  <testcase name="testTitle" time="0.053" classname="com.annotations.Annotations"/>
</testsuite> <!-- com.annotations.Annotations -->
