<?xml version="1.0" encoding="UTF-8"?>
<!-- Generated by org.testng.reporters.JUnitReportReporter -->
<testsuite skipped="0" hostname="A370DCOK" name="com.testng.TestEmployeeDetailsAndLogic" tests="2" failures="0" timestamp="25 Jan 2018 07:12:30 GMT" time="0.030" errors="0">
  <testcase name="calculateAppraisal" time="0.027" classname="com.testng.TestEmployeeDetailsAndLogic"/>
  <testcase name="testCaluculateYearlySalary" time="0.003" classname="com.testng.TestEmployeeDetailsAndLogic"/>
</testsuite> <!-- com.testng.TestEmployeeDetailsAndLogic -->
