<?xml version="1.0" encoding="UTF-8"?>
<!-- Generated by org.testng.reporters.JUnitReportReporter -->
<testsuite skipped="0" hostname="DESKTOP-PVA7671" name="com.one.FileUploadingUsingAutoIT" tests="1" failures="0" timestamp="19 Jan 2018 13:35:04 GMT" time="7.529" errors="0">
  <testcase name="fileUploadingUsingAutoIT" time="7.529" classname="com.one.FileUploadingUsingAutoIT"/>
</testsuite> <!-- com.one.FileUploadingUsingAutoIT -->
