<?xml version="1.0" encoding="UTF-8"?>
<!-- Generated by org.testng.reporters.JUnitReportReporter -->
<testsuite skipped="0" hostname="A370DCOK" name="com.annotations.Annotations" tests="1" failures="0" timestamp="23 Jan 2018 09:14:43 GMT" time="0.040" errors="0">
  <testcase name="testTitle" time="0.040" classname="com.annotations.Annotations"/>
</testsuite> <!-- com.annotations.Annotations -->
