<?xml version="1.0" encoding="UTF-8"?>
<!-- Generated by org.testng.reporters.JUnitReportReporter -->
<testsuite skipped="0" hostname="A370DCOK" name="com.student.TestStudentAttendance" tests="1" failures="0" timestamp="25 Jan 2018 07:42:48 GMT" time="0.025" errors="0">
  <testcase name="studentResult" time="0.025" classname="com.student.TestStudentAttendance"/>
</testsuite> <!-- com.student.TestStudentAttendance -->
