<?xml version="1.0" encoding="UTF-8"?>
<!-- Generated by org.testng.reporters.JUnitReportReporter -->
<testsuite skipped="0" hostname="Narender-Balla" name="com.annotations.Annotations" tests="1" failures="0" timestamp="23 Jan 2018 16:14:39 GMT" time="0.100" errors="0">
  <testcase name="testTitle" time="0.100" classname="com.annotations.Annotations"/>
</testsuite> <!-- com.annotations.Annotations -->
